2013-07-29 17:17:29,194 root   INFO     Query:black crop top asos
2013-07-29 17:17:29,195 root   INFO     Sources:web
2013-07-29 17:17:29,195 root   INFO     Other Args:{}
2013-07-29 17:17:29,196 root   INFO     final_url:http://api.search.live.net/json.aspx?Appid=yWzbEWyySb+5DAaeaQFD/Ogg3c0yRUgXQOdeDsD+5PY&query=black+crop+top+asos&sources=web
2013-07-29 17:17:29,867 root   INFO     Error
2013-07-29 17:17:29,867 root   INFO     data:{u'SearchResponse': {u'Errors': [{u'HelpUrl': u'http://msdn.microsoft.com/en-us/library/dd251042.aspx', u'Message': u'Parameter has invalid value.', u'Code': 1002, u'Parameter': u'SearchRequest.AppId', u'Value': u'yWzbEWyySb 5DAaeaQFD/Ogg3c0yRUgXQOdeDsD 5PY'}], u'Query': {u'SearchTerms': u'black crop top asos'}, u'Version': u'2.2'}}
2013-07-29 17:17:42,266 root   INFO     Query:salsa
2013-07-29 17:17:42,267 root   INFO     Sources:web
2013-07-29 17:17:42,267 root   INFO     Other Args:{}
2013-07-29 17:17:42,267 root   INFO     final_url:http://api.search.live.net/json.aspx?Appid=yWzbEWyySb+5DAaeaQFD/Ogg3c0yRUgXQOdeDsD+5PY&query=salsa&sources=web
2013-07-29 17:17:42,401 root   INFO     Error
2013-07-29 17:17:42,401 root   INFO     data:{u'SearchResponse': {u'Errors': [{u'HelpUrl': u'http://msdn.microsoft.com/en-us/library/dd251042.aspx', u'Message': u'Parameter has invalid value.', u'Code': 1002, u'Parameter': u'SearchRequest.AppId', u'Value': u'yWzbEWyySb 5DAaeaQFD/Ogg3c0yRUgXQOdeDsD 5PY'}], u'Query': {u'SearchTerms': u'salsa'}, u'Version': u'2.2'}}
2013-07-29 17:20:42,452 root   INFO     Query:salsa
2013-07-29 17:20:42,537 root   INFO     Sources:web
2013-07-29 17:20:42,538 root   INFO     Other Args:{}
2013-07-29 17:20:42,538 root   INFO     final_url:http://api.search.live.net/json.aspx?Appid=yWzbEWyySb+5DAaeaQFD/Ogg3c0yRUgXQOdeDsD+5PY&query=salsa&sources=web
2013-07-29 17:20:43,100 root   INFO     Error
2013-07-29 17:20:43,101 root   INFO     data:{u'SearchResponse': {u'Errors': [{u'HelpUrl': u'http://msdn.microsoft.com/en-us/library/dd251042.aspx', u'Message': u'Parameter has invalid value.', u'Code': 1002, u'Parameter': u'SearchRequest.AppId', u'Value': u'yWzbEWyySb 5DAaeaQFD/Ogg3c0yRUgXQOdeDsD 5PY'}], u'Query': {u'SearchTerms': u'salsa'}, u'Version': u'2.2'}}
2013-07-29 17:21:35,892 root   INFO     Query:salsa
2013-07-29 17:21:35,892 root   INFO     Sources:web
2013-07-29 17:21:35,892 root   INFO     Other Args:{}
2013-07-29 17:21:35,893 root   INFO     final_url:http://api.search.live.net/json.aspx?Appid=yWzbEWyySb+5DAaeaQFD/Ogg3c0yRUgXQOdeDsD+5PY&query=salsa&sources=web
2013-07-29 17:21:36,467 root   INFO     Error
2013-07-29 17:21:36,467 root   INFO     data:{u'SearchResponse': {u'Errors': [{u'HelpUrl': u'http://msdn.microsoft.com/en-us/library/dd251042.aspx', u'Message': u'Parameter has invalid value.', u'Code': 1002, u'Parameter': u'SearchRequest.AppId', u'Value': u'yWzbEWyySb 5DAaeaQFD/Ogg3c0yRUgXQOdeDsD 5PY'}], u'Query': {u'SearchTerms': u'salsa'}, u'Version': u'2.2'}}
